<?xml version="1.0" encoding="UTF-8"?>
<testng-results skipped="0" failed="0" ignored="0" total="1" passed="1">
  <reporter-output>
  </reporter-output>
  <suite name="Suite" duration-ms="40952" started-at="2019-02-24T10:13:19Z" finished-at="2019-02-24T10:14:00Z">
    <groups>
    </groups>
    <test name="Test" duration-ms="40952" started-at="2019-02-24T10:13:19Z" finished-at="2019-02-24T10:14:00Z">
      <class name="restassuredpractise.Naukri.testNaukri">
        <test-method status="PASS" signature="initializebrowser()[pri:0, instance:restassuredpractise.Naukri.testNaukri@ae45eb6]" name="initializebrowser" is-config="true" duration-ms="10210" started-at="2019-02-24T10:13:19Z" finished-at="2019-02-24T10:13:29Z">
          <reporter-output>
          </reporter-output>
        </test-method> <!-- initializebrowser -->
        <test-method status="PASS" signature="updateNaukriProfile()[pri:0, instance:restassuredpractise.Naukri.testNaukri@ae45eb6]" name="updateNaukriProfile" duration-ms="30710" started-at="2019-02-24T10:13:29Z" finished-at="2019-02-24T10:14:00Z">
          <reporter-output>
          </reporter-output>
        </test-method> <!-- updateNaukriProfile -->
      </class> <!-- restassuredpractise.Naukri.testNaukri -->
    </test> <!-- Test -->
  </suite> <!-- Suite -->
</testng-results>
